{"/Users/normancade/Desktop/CodingProjects/MobileApps/BuiltMode/functions/src/firestore/workout.ts": {"path":"/Users/normancade/Desktop/CodingProjects/MobileApps/BuiltMode/functions/src/firestore/workout.ts","statementMap":{"0":{"start":{"line":1,"column":0},"end":{"line":1,"column":26}},"1":{"start":{"line":3,"column":0},"end":{"line":3,"column":45}},"2":{"start":{"line":11,"column":0},"end":{"line":11,"column":60}},"3":{"start":{"line":12,"column":0},"end":{"line":12,"column":67}},"4":{"start":{"line":14,"column":37},"end":{"line":17,"column":1}},"5":{"start":{"line":15,"column":14},"end":{"line":15,"column":62}},"6":{"start":{"line":16,"column":2},"end":{"line":16,"column":23}},"7":{"start":{"line":14,"column":13},"end":{"line":14,"column":37}},"8":{"start":{"line":19,"column":31},"end":{"line":23,"column":1}},"9":{"start":{"line":20,"column":40},"end":{"line":20,"column":49}},"10":{"start":{"line":21,"column":14},"end":{"line":21,"column":83}},"11":{"start":{"line":22,"column":2},"end":{"line":22,"column":25}},"12":{"start":{"line":19,"column":13},"end":{"line":19,"column":31}},"13":{"start":{"line":25,"column":39},"end":{"line":33,"column":1}},"14":{"start":{"line":31,"column":14},"end":{"line":31,"column":73}},"15":{"start":{"line":32,"column":2},"end":{"line":32,"column":29}},"16":{"start":{"line":25,"column":13},"end":{"line":25,"column":39}},"17":{"start":{"line":35,"column":36},"end":{"line":37,"column":1}},"18":{"start":{"line":36,"column":2},"end":{"line":36,"column":77}},"19":{"start":{"line":35,"column":13},"end":{"line":35,"column":36}},"20":{"start":{"line":39,"column":28},"end":{"line":46,"column":1}},"21":{"start":{"line":45,"column":2},"end":{"line":45,"column":87}},"22":{"start":{"line":39,"column":13},"end":{"line":39,"column":28}},"23":{"start":{"line":50,"column":29},"end":{"line":61,"column":1}},"24":{"start":{"line":51,"column":17},"end":{"line":51,"column":34}},"25":{"start":{"line":52,"column":16},"end":{"line":52,"column":48}},"26":{"start":{"line":54,"column":2},"end":{"line":58,"column":3}},"27":{"start":{"line":54,"column":15},"end":{"line":54,"column":16}},"28":{"start":{"line":55,"column":14},"end":{"line":55,"column":29}},"29":{"start":{"line":56,"column":4},"end":{"line":56,"column":41}},"30":{"start":{"line":57,"column":4},"end":{"line":57,"column":36}},"31":{"start":{"line":60,"column":2},"end":{"line":60,"column":16}},"32":{"start":{"line":63,"column":43},"end":{"line":79,"column":1}},"33":{"start":{"line":69,"column":26},"end":{"line":69,"column":70}},"34":{"start":{"line":70,"column":22},"end":{"line":70,"column":23}},"35":{"start":{"line":71,"column":2},"end":{"line":76,"column":3}},"36":{"start":{"line":72,"column":19},"end":{"line":72,"column":63}},"37":{"start":{"line":73,"column":28},"end":{"line":74,"column":13}},"38":{"start":{"line":75,"column":4},"end":{"line":75,"column":39}},"39":{"start":{"line":78,"column":2},"end":{"line":78,"column":23}},"40":{"start":{"line":63,"column":13},"end":{"line":63,"column":43}},"41":{"start":{"line":81,"column":36},"end":{"line":88,"column":1}},"42":{"start":{"line":82,"column":29},"end":{"line":82,"column":75}},"43":{"start":{"line":84,"column":2},"end":{"line":87,"column":4}},"44":{"start":{"line":90,"column":42},"end":{"line":97,"column":1}},"45":{"start":{"line":94,"column":2},"end":{"line":94,"column":34}},"46":{"start":{"line":94,"column":25},"end":{"line":94,"column":34}},"47":{"start":{"line":96,"column":2},"end":{"line":96,"column":73}},"48":{"start":{"line":99,"column":29},"end":{"line":106,"column":1}},"49":{"start":{"line":103,"column":2},"end":{"line":103,"column":36}},"50":{"start":{"line":103,"column":27},"end":{"line":103,"column":36}},"51":{"start":{"line":105,"column":2},"end":{"line":105,"column":71}},"52":{"start":{"line":108,"column":34},"end":{"line":138,"column":1}},"53":{"start":{"line":115,"column":6},"end":{"line":115,"column":11}},"54":{"start":{"line":117,"column":22},"end":{"line":117,"column":81}},"55":{"start":{"line":119,"column":35},"end":{"line":121,"column":null}},"56":{"start":{"line":124,"column":53},"end":{"line":125,"column":null}},"57":{"start":{"line":129,"column":4},"end":{"line":129,"column":83}},"58":{"start":{"line":131,"column":2},"end":{"line":137,"column":4}},"59":{"start":{"line":108,"column":13},"end":{"line":108,"column":34}}},"fnMap":{"0":{"name":"(anonymous_1)","decl":{"start":{"line":14,"column":37},"end":{"line":14,"column":38}},"loc":{"start":{"line":14,"column":75},"end":{"line":17,"column":1}}},"1":{"name":"(anonymous_2)","decl":{"start":{"line":19,"column":31},"end":{"line":19,"column":32}},"loc":{"start":{"line":19,"column":73},"end":{"line":23,"column":1}}},"2":{"name":"(anonymous_3)","decl":{"start":{"line":25,"column":39},"end":{"line":25,"column":null}},"loc":{"start":{"line":30,"column":4},"end":{"line":33,"column":1}}},"3":{"name":"(anonymous_4)","decl":{"start":{"line":35,"column":36},"end":{"line":35,"column":37}},"loc":{"start":{"line":35,"column":85},"end":{"line":37,"column":1}}},"4":{"name":"(anonymous_5)","decl":{"start":{"line":39,"column":28},"end":{"line":39,"column":null}},"loc":{"start":{"line":44,"column":4},"end":{"line":46,"column":1}}},"5":{"name":"(anonymous_6)","decl":{"start":{"line":50,"column":29},"end":{"line":50,"column":30}},"loc":{"start":{"line":50,"column":72},"end":{"line":61,"column":1}}},"6":{"name":"(anonymous_7)","decl":{"start":{"line":63,"column":43},"end":{"line":63,"column":48}},"loc":{"start":{"line":67,"column":4},"end":{"line":79,"column":1}}},"7":{"name":"(anonymous_8)","decl":{"start":{"line":81,"column":36},"end":{"line":81,"column":37}},"loc":{"start":{"line":81,"column":67},"end":{"line":88,"column":1}}},"8":{"name":"(anonymous_9)","decl":{"start":{"line":90,"column":42},"end":{"line":90,"column":null}},"loc":{"start":{"line":93,"column":12},"end":{"line":97,"column":1}}},"9":{"name":"(anonymous_10)","decl":{"start":{"line":99,"column":29},"end":{"line":99,"column":null}},"loc":{"start":{"line":102,"column":12},"end":{"line":106,"column":1}}},"10":{"name":"(anonymous_11)","decl":{"start":{"line":108,"column":34},"end":{"line":108,"column":35}},"loc":{"start":{"line":108,"column":80},"end":{"line":138,"column":1}}}},"branchMap":{"0":{"loc":{"start":{"line":75,"column":4},"end":{"line":75,"column":38}},"type":"binary-expr","locations":[{"start":{"line":75,"column":4},"end":{"line":75,"column":19}},{"start":{"line":75,"column":23},"end":{"line":75,"column":38}}]},"1":{"loc":{"start":{"line":94,"column":2},"end":{"line":94,"column":34}},"type":"if","locations":[{"start":{"line":94,"column":2},"end":{"line":94,"column":34}},{"start":{},"end":{}}]},"2":{"loc":{"start":{"line":101,"column":2},"end":{"line":101,"column":29}},"type":"default-arg","locations":[{"start":{"line":101,"column":27},"end":{"line":101,"column":29}}]},"3":{"loc":{"start":{"line":103,"column":2},"end":{"line":103,"column":36}},"type":"if","locations":[{"start":{"line":103,"column":2},"end":{"line":103,"column":36}},{"start":{},"end":{}}]},"4":{"loc":{"start":{"line":114,"column":4},"end":{"line":114,"column":23}},"type":"default-arg","locations":[{"start":{"line":114,"column":21},"end":{"line":114,"column":23}}]}},"s":{"0":1,"1":1,"2":1,"3":1,"4":1,"5":0,"6":0,"7":1,"8":1,"9":0,"10":0,"11":0,"12":1,"13":1,"14":0,"15":0,"16":1,"17":1,"18":0,"19":1,"20":1,"21":0,"22":1,"23":1,"24":0,"25":0,"26":0,"27":0,"28":0,"29":0,"30":0,"31":0,"32":1,"33":0,"34":0,"35":0,"36":0,"37":0,"38":0,"39":0,"40":1,"41":1,"42":1,"43":1,"44":1,"45":1,"46":0,"47":1,"48":1,"49":1,"50":0,"51":1,"52":1,"53":1,"54":1,"55":1,"56":1,"57":1,"58":1,"59":1},"f":{"0":0,"1":0,"2":0,"3":0,"4":0,"5":0,"6":0,"7":1,"8":1,"9":1,"10":1},"b":{"0":[0,0],"1":[0,1],"2":[0],"3":[0,1],"4":[1]}}
,"/Users/normancade/Desktop/CodingProjects/MobileApps/BuiltMode/functions/src/lib/firebaseAdmin.ts": {"path":"/Users/normancade/Desktop/CodingProjects/MobileApps/BuiltMode/functions/src/lib/firebaseAdmin.ts","statementMap":{"0":{"start":{"line":1,"column":0},"end":{"line":1,"column":60}},"1":{"start":{"line":2,"column":0},"end":{"line":2,"column":46}},"2":{"start":{"line":3,"column":0},"end":{"line":3,"column":56}},"3":{"start":{"line":5,"column":17},"end":{"line":5,"column":66}},"4":{"start":{"line":10,"column":9},"end":{"line":10,"column":17}},"5":{"start":{"line":7,"column":11},"end":{"line":7,"column":33}},"6":{"start":{"line":10,"column":25},"end":{"line":10,"column":27}},"7":{"start":{"line":8,"column":13},"end":{"line":8,"column":30}},"8":{"start":{"line":10,"column":19},"end":{"line":10,"column":23}}},"fnMap":{},"branchMap":{"0":{"loc":{"start":{"line":5,"column":17},"end":{"line":5,"column":66}},"type":"cond-expr","locations":[{"start":{"line":5,"column":36},"end":{"line":5,"column":48}},{"start":{"line":5,"column":51},"end":{"line":5,"column":66}}]}},"s":{"0":1,"1":1,"2":1,"3":1,"4":1,"5":1,"6":1,"7":1,"8":1},"f":{},"b":{"0":[0,1]}}
,"/Users/normancade/Desktop/CodingProjects/MobileApps/BuiltMode/functions/src/utils/math.ts": {"path":"/Users/normancade/Desktop/CodingProjects/MobileApps/BuiltMode/functions/src/utils/math.ts","statementMap":{"0":{"start":{"line":1,"column":21},"end":{"line":3,"column":1}},"1":{"start":{"line":2,"column":2},"end":{"line":2,"column":45}},"2":{"start":{"line":1,"column":13},"end":{"line":1,"column":21}},"3":{"start":{"line":5,"column":33},"end":{"line":7,"column":1}},"4":{"start":{"line":6,"column":2},"end":{"line":6,"column":27}},"5":{"start":{"line":5,"column":13},"end":{"line":5,"column":33}}},"fnMap":{"0":{"name":"(anonymous_0)","decl":{"start":{"line":1,"column":21},"end":{"line":1,"column":22}},"loc":{"start":{"line":1,"column":73},"end":{"line":3,"column":1}}},"1":{"name":"(anonymous_1)","decl":{"start":{"line":5,"column":33},"end":{"line":5,"column":34}},"loc":{"start":{"line":5,"column":59},"end":{"line":7,"column":1}}}},"branchMap":{},"s":{"0":1,"1":3,"2":1,"3":1,"4":4,"5":1},"f":{"0":3,"1":4},"b":{}}
,"/Users/normancade/Desktop/CodingProjects/MobileApps/BuiltMode/functions/src/utils/time.ts": {"path":"/Users/normancade/Desktop/CodingProjects/MobileApps/BuiltMode/functions/src/utils/time.ts","statementMap":{"0":{"start":{"line":1,"column":35},"end":{"line":7,"column":1}},"1":{"start":{"line":2,"column":2},"end":{"line":6,"column":3}},"2":{"start":{"line":3,"column":4},"end":{"line":3,"column":65}},"3":{"start":{"line":5,"column":4},"end":{"line":5,"column":45}},"4":{"start":{"line":1,"column":13},"end":{"line":1,"column":35}},"5":{"start":{"line":9,"column":29},"end":{"line":11,"column":1}},"6":{"start":{"line":10,"column":2},"end":{"line":10,"column":46}},"7":{"start":{"line":9,"column":13},"end":{"line":9,"column":29}},"8":{"start":{"line":13,"column":32},"end":{"line":15,"column":1}},"9":{"start":{"line":14,"column":2},"end":{"line":14,"column":41}},"10":{"start":{"line":13,"column":13},"end":{"line":13,"column":32}}},"fnMap":{"0":{"name":"(anonymous_0)","decl":{"start":{"line":1,"column":35},"end":{"line":1,"column":36}},"loc":{"start":{"line":1,"column":60},"end":{"line":7,"column":1}}},"1":{"name":"(anonymous_1)","decl":{"start":{"line":9,"column":29},"end":{"line":9,"column":30}},"loc":{"start":{"line":9,"column":55},"end":{"line":11,"column":1}}},"2":{"name":"(anonymous_2)","decl":{"start":{"line":13,"column":32},"end":{"line":13,"column":33}},"loc":{"start":{"line":13,"column":55},"end":{"line":15,"column":1}}}},"branchMap":{},"s":{"0":1,"1":0,"2":0,"3":0,"4":1,"5":1,"6":0,"7":1,"8":1,"9":0,"10":1},"f":{"0":0,"1":0,"2":0},"b":{}}
}
