TN:
SF:src/firestore/workout.ts
FN:14,(anonymous_1)
FN:19,(anonymous_2)
FN:25,(anonymous_3)
FN:35,(anonymous_4)
FN:39,(anonymous_5)
FN:50,(anonymous_6)
FN:63,(anonymous_7)
FN:81,(anonymous_8)
FN:90,(anonymous_9)
FN:99,(anonymous_10)
FN:108,(anonymous_11)
FNF:11
FNH:4
FNDA:0,(anonymous_1)
FNDA:0,(anonymous_2)
FNDA:0,(anonymous_3)
FNDA:0,(anonymous_4)
FNDA:0,(anonymous_5)
FNDA:0,(anonymous_6)
FNDA:0,(anonymous_7)
FNDA:1,(anonymous_8)
FNDA:1,(anonymous_9)
FNDA:1,(anonymous_10)
FNDA:1,(anonymous_11)
DA:1,1
DA:3,1
DA:11,1
DA:12,1
DA:14,1
DA:15,0
DA:16,0
DA:19,1
DA:20,0
DA:21,0
DA:22,0
DA:25,1
DA:31,0
DA:32,0
DA:35,1
DA:36,0
DA:39,1
DA:45,0
DA:50,1
DA:51,0
DA:52,0
DA:54,0
DA:55,0
DA:56,0
DA:57,0
DA:60,0
DA:63,1
DA:69,0
DA:70,0
DA:71,0
DA:72,0
DA:73,0
DA:75,0
DA:78,0
DA:81,1
DA:82,1
DA:84,1
DA:90,1
DA:94,1
DA:96,1
DA:99,1
DA:103,1
DA:105,1
DA:108,1
DA:115,1
DA:117,1
DA:119,1
DA:124,1
DA:129,1
DA:131,1
LF:50
LH:27
BRDA:75,0,0,0
BRDA:75,0,1,0
BRDA:94,1,0,0
BRDA:94,1,1,1
BRDA:101,2,0,0
BRDA:103,3,0,0
BRDA:103,3,1,1
BRDA:114,4,0,1
BRF:8
BRH:3
end_of_record
TN:
SF:src/lib/firebaseAdmin.ts
FNF:0
FNH:0
DA:1,1
DA:2,1
DA:3,1
DA:5,1
DA:7,1
DA:8,1
DA:10,1
LF:7
LH:7
BRDA:5,0,0,0
BRDA:5,0,1,1
BRF:2
BRH:1
end_of_record
TN:
SF:src/utils/math.ts
FN:1,(anonymous_0)
FN:5,(anonymous_1)
FNF:2
FNH:2
FNDA:3,(anonymous_0)
FNDA:4,(anonymous_1)
DA:1,1
DA:2,3
DA:5,1
DA:6,4
LF:4
LH:4
BRF:0
BRH:0
end_of_record
TN:
SF:src/utils/time.ts
FN:1,(anonymous_0)
FN:9,(anonymous_1)
FN:13,(anonymous_2)
FNF:3
FNH:0
FNDA:0,(anonymous_0)
FNDA:0,(anonymous_1)
FNDA:0,(anonymous_2)
DA:1,1
DA:2,0
DA:3,0
DA:5,0
DA:9,1
DA:10,0
DA:13,1
DA:14,0
LF:8
LH:3
BRF:0
BRH:0
end_of_record
